Using pre-set license
Built from '2020.3/staging' branch; Version is '2020.3.35f1 (18e4db7a9996) revision 1631451'; Using compiler version '192528614'; Build Type 'Release'
OS: 'Windows 10  (10.0.19045) 64bit Core' Language: 'en' Physical Memory: 32697 MB
BatchMode: 1, IsHumanControllingUs: 0, StartBugReporterOnCrash: 0, Is64bit: 1, IsPro: 0

COMMAND LINE ARGUMENTS:
C:\Program Files\Unity\Hub\Editor\2020.3.35f1\Editor\Unity.exe
-adb2
-batchMode
-noUpm
-name
AssetImportWorker0
-projectPath
E:/GitHub/VirtualFinal/VirtualFinal
-logFile
Logs/AssetImportWorker0.log
-srvPort
49381
Successfully changed project path to: E:/GitHub/VirtualFinal/VirtualFinal
E:/GitHub/VirtualFinal/VirtualFinal
Using Asset Import Pipeline V2.
Refreshing native plugins compatible for Editor in 32.49 ms, found 2 plugins.
Preloading 0 native plugins for Editor in 0.00 ms.
Initialize engine version: 2020.3.35f1 (18e4db7a9996)
[Subsystems] Discovering subsystems at path C:/Program Files/Unity/Hub/Editor/2020.3.35f1/Editor/Data/Resources/UnitySubsystems
[Subsystems] Discovering subsystems at path E:/GitHub/VirtualFinal/VirtualFinal/Assets
GfxDevice: creating device client; threaded=0
Direct3D:
    Version:  Direct3D 11.0 [level 11.1]
    Renderer: NVIDIA GeForce RTX 2070 SUPER (ID=0x1e84)
    Vendor:   
    VRAM:     8003 MB
    Driver:   31.0.15.3699
Initialize mono
Mono path[0] = 'C:/Program Files/Unity/Hub/Editor/2020.3.35f1/Editor/Data/Managed'
Mono path[1] = 'C:/Program Files/Unity/Hub/Editor/2020.3.35f1/Editor/Data/MonoBleedingEdge/lib/mono/unityjit'
Mono config path = 'C:/Program Files/Unity/Hub/Editor/2020.3.35f1/Editor/Data/MonoBleedingEdge/etc'
Using monoOptions --debugger-agent=transport=dt_socket,embedding=1,server=y,suspend=n,address=127.0.0.1:56820
Begin MonoManager ReloadAssembly
Registering precompiled unity dll's ...
Register platform support module: C:/Program Files/Unity/Hub/Editor/2020.3.35f1/Editor/Data/PlaybackEngines/WindowsStandaloneSupport/UnityEditor.WindowsStandalone.Extensions.dll
Registered in 0.001773 seconds.
Native extension for WindowsStandalone target not found
Refreshing native plugins compatible for Editor in 33.26 ms, found 2 plugins.
Preloading 0 native plugins for Editor in 0.00 ms.
Mono: successfully reloaded assembly
- Completed reload, in  0.505 seconds
Domain Reload Profiling:
	ReloadAssembly (505ms)
		BeginReloadAssembly (52ms)
			ExecutionOrderSort (0ms)
			DisableScriptedObjects (0ms)
			BackupInstance (0ms)
			ReleaseScriptingObjects (0ms)
			CreateAndSetChildDomain (1ms)
		EndReloadAssembly (390ms)
			LoadAssemblies (50ms)
			RebuildTransferFunctionScriptingTraits (0ms)
			SetupTypeCache (127ms)
			ReleaseScriptCaches (0ms)
			RebuildScriptCaches (27ms)
			SetupLoadedEditorAssemblies (154ms)
				LogAssemblyErrors (0ms)
				InitializePlatformSupportModulesInManaged (4ms)
				SetLoadedEditorAssemblies (0ms)
				RefreshPlugins (33ms)
				BeforeProcessingInitializeOnLoad (12ms)
				ProcessInitializeOnLoadAttributes (79ms)
				ProcessInitializeOnLoadMethodAttributes (25ms)
				AfterProcessingInitializeOnLoad (0ms)
				EditorAssembliesLoaded (0ms)
			ExecutionOrderSort2 (0ms)
			AwakeInstancesAfterBackupRestoration (0ms)
Platform modules already initialized, skipping
Registering precompiled user dll's ...
Registered in 0.008276 seconds.
Begin MonoManager ReloadAssembly
Native extension for WindowsStandalone target not found
Refreshing native plugins compatible for Editor in 30.22 ms, found 2 plugins.
Preloading 0 native plugins for Editor in 0.00 ms.
Mono: successfully reloaded assembly
- Completed reload, in  0.899 seconds
Domain Reload Profiling:
	ReloadAssembly (899ms)
		BeginReloadAssembly (122ms)
			ExecutionOrderSort (0ms)
			DisableScriptedObjects (4ms)
			BackupInstance (0ms)
			ReleaseScriptingObjects (0ms)
			CreateAndSetChildDomain (15ms)
		EndReloadAssembly (728ms)
			LoadAssemblies (77ms)
			RebuildTransferFunctionScriptingTraits (0ms)
			SetupTypeCache (222ms)
			ReleaseScriptCaches (0ms)
			RebuildScriptCaches (40ms)
			SetupLoadedEditorAssemblies (305ms)
				LogAssemblyErrors (0ms)
				InitializePlatformSupportModulesInManaged (3ms)
				SetLoadedEditorAssemblies (0ms)
				RefreshPlugins (30ms)
				BeforeProcessingInitializeOnLoad (58ms)
				ProcessInitializeOnLoadAttributes (196ms)
				ProcessInitializeOnLoadMethodAttributes (11ms)
				AfterProcessingInitializeOnLoad (6ms)
				EditorAssembliesLoaded (0ms)
			ExecutionOrderSort2 (0ms)
			AwakeInstancesAfterBackupRestoration (1ms)
Platform modules already initialized, skipping
========================================================================
Worker process is ready to serve import requests
Launched and connected shader compiler UnityShaderCompiler.exe after 0.02 seconds
Refreshing native plugins compatible for Editor in 0.40 ms, found 2 plugins.
Preloading 0 native plugins for Editor in 0.00 ms.
Unloading 1977 Unused Serialized files (Serialized files now loaded: 0)
System memory in use before: 88.1 MB.
System memory in use after: 88.2 MB.

Unloading 23 unused Assets to reduce memory usage. Loaded Objects now: 2416.
Total: 2.450500 ms (FindLiveObjects: 0.132900 ms CreateObjectMapping: 0.061700 ms MarkObjects: 2.196500 ms  DeleteObjects: 0.058700 ms)

AssetImportParameters requested are different than current active one (requested -> active):
  requireTextureImportCompression: false -> true
  custom:framework-win-MediaFoundation: 216162199b28c13a410421893ffa2e32 -> 
  custom:video-decoder-ogg-theora: a1e56fd34408186e4bbccfd4996cb3dc -> 
  custom:container-muxer-webm: aa71ff27fc2769a1b78a27578f13a17b -> 
  custom:container-demuxer-webm: 4f35f7cbe854078d1ac9338744f61a02 -> 
  custom:container-demuxer-ogg: 62fdf1f143b41e24485cea50d1cbac27 -> 
  custom:video-encoder-webm-vp8: eb34c28f22e8b96e1ab97ce403110664 -> 
  custom:video-decoder-webm-vp8: 9c59270c3fd7afecdb556c50c9e8de78 -> 
  custom:audio-decoder-ogg-vorbis: bf7c407c2cedff20999df2af8eb42d56 -> 
  custom:audio-encoder-webm-vorbis: bf7c407c2cedff20999df2af8eb42d56 -> 
========================================================================
Received Import Request.
  path: Assets/Box.png
  artifactKey: Guid(f9481e7b2cadc5649958accb2790c5b6) Importer(815301076,1909f56bfc062723c751e8b465ee728b)
Start importing Assets/Box.png using Guid(f9481e7b2cadc5649958accb2790c5b6) Importer(815301076,1909f56bfc062723c751e8b465ee728b)  -> (artifact id: 'e75feb70cea4da73dce81e1db190d3d5') in 0.039057 seconds 
========================================================================
Received Prepare
Registering precompiled user dll's ...
Registered in 0.002691 seconds.
Begin MonoManager ReloadAssembly
Native extension for WindowsStandalone target not found
Refreshing native plugins compatible for Editor in 0.37 ms, found 2 plugins.
Preloading 0 native plugins for Editor in 0.00 ms.
Mono: successfully reloaded assembly
- Completed reload, in  0.801 seconds
Domain Reload Profiling:
	ReloadAssembly (802ms)
		BeginReloadAssembly (99ms)
			ExecutionOrderSort (0ms)
			DisableScriptedObjects (4ms)
			BackupInstance (0ms)
			ReleaseScriptingObjects (0ms)
			CreateAndSetChildDomain (28ms)
		EndReloadAssembly (655ms)
			LoadAssemblies (74ms)
			RebuildTransferFunctionScriptingTraits (0ms)
			SetupTypeCache (211ms)
			ReleaseScriptCaches (1ms)
			RebuildScriptCaches (39ms)
			SetupLoadedEditorAssemblies (267ms)
				LogAssemblyErrors (0ms)
				InitializePlatformSupportModulesInManaged (4ms)
				SetLoadedEditorAssemblies (0ms)
				RefreshPlugins (0ms)
				BeforeProcessingInitializeOnLoad (75ms)
				ProcessInitializeOnLoadAttributes (170ms)
				ProcessInitializeOnLoadMethodAttributes (11ms)
				AfterProcessingInitializeOnLoad (6ms)
				EditorAssembliesLoaded (0ms)
			ExecutionOrderSort2 (0ms)
			AwakeInstancesAfterBackupRestoration (1ms)
Platform modules already initialized, skipping
Refreshing native plugins compatible for Editor in 0.40 ms, found 2 plugins.
Preloading 0 native plugins for Editor in 0.00 ms.
Unloading 1961 Unused Serialized files (Serialized files now loaded: 0)
System memory in use before: 87.1 MB.
System memory in use after: 87.3 MB.

Unloading 17 unused Assets to reduce memory usage. Loaded Objects now: 2421.
Total: 2.566500 ms (FindLiveObjects: 0.162800 ms CreateObjectMapping: 0.069700 ms MarkObjects: 2.314700 ms  DeleteObjects: 0.018800 ms)

AssetImportParameters requested are different than current active one (requested -> active):
  requireTextureImportCompression: false -> true
  custom:framework-win-MediaFoundation: 216162199b28c13a410421893ffa2e32 -> 
  custom:video-decoder-ogg-theora: a1e56fd34408186e4bbccfd4996cb3dc -> 
  custom:container-muxer-webm: aa71ff27fc2769a1b78a27578f13a17b -> 
  custom:container-demuxer-webm: 4f35f7cbe854078d1ac9338744f61a02 -> 
  custom:container-demuxer-ogg: 62fdf1f143b41e24485cea50d1cbac27 -> 
  custom:video-encoder-webm-vp8: eb34c28f22e8b96e1ab97ce403110664 -> 
  custom:video-decoder-webm-vp8: 9c59270c3fd7afecdb556c50c9e8de78 -> 
  custom:audio-decoder-ogg-vorbis: bf7c407c2cedff20999df2af8eb42d56 -> 
  custom:audio-encoder-webm-vorbis: bf7c407c2cedff20999df2af8eb42d56 -> 
========================================================================
Received Prepare
Registering precompiled user dll's ...
Registered in 0.002852 seconds.
Begin MonoManager ReloadAssembly
Native extension for WindowsStandalone target not found
Refreshing native plugins compatible for Editor in 0.36 ms, found 2 plugins.
Preloading 0 native plugins for Editor in 0.00 ms.
Mono: successfully reloaded assembly
- Completed reload, in  0.787 seconds
Domain Reload Profiling:
	ReloadAssembly (788ms)
		BeginReloadAssembly (92ms)
			ExecutionOrderSort (0ms)
			DisableScriptedObjects (4ms)
			BackupInstance (0ms)
			ReleaseScriptingObjects (0ms)
			CreateAndSetChildDomain (26ms)
		EndReloadAssembly (649ms)
			LoadAssemblies (73ms)
			RebuildTransferFunctionScriptingTraits (0ms)
			SetupTypeCache (206ms)
			ReleaseScriptCaches (1ms)
			RebuildScriptCaches (40ms)
			SetupLoadedEditorAssemblies (265ms)
				LogAssemblyErrors (0ms)
				InitializePlatformSupportModulesInManaged (4ms)
				SetLoadedEditorAssemblies (0ms)
				RefreshPlugins (0ms)
				BeforeProcessingInitializeOnLoad (74ms)
				ProcessInitializeOnLoadAttributes (170ms)
				ProcessInitializeOnLoadMethodAttributes (11ms)
				AfterProcessingInitializeOnLoad (6ms)
				EditorAssembliesLoaded (0ms)
			ExecutionOrderSort2 (0ms)
			AwakeInstancesAfterBackupRestoration (1ms)
Platform modules already initialized, skipping
Refreshing native plugins compatible for Editor in 0.35 ms, found 2 plugins.
Preloading 0 native plugins for Editor in 0.00 ms.
Unloading 1961 Unused Serialized files (Serialized files now loaded: 0)
System memory in use before: 87.2 MB.
System memory in use after: 87.3 MB.

Unloading 17 unused Assets to reduce memory usage. Loaded Objects now: 2424.
Total: 2.374500 ms (FindLiveObjects: 0.135300 ms CreateObjectMapping: 0.051600 ms MarkObjects: 2.170500 ms  DeleteObjects: 0.016600 ms)

AssetImportParameters requested are different than current active one (requested -> active):
  requireTextureImportCompression: false -> true
  custom:framework-win-MediaFoundation: 216162199b28c13a410421893ffa2e32 -> 
  custom:video-decoder-ogg-theora: a1e56fd34408186e4bbccfd4996cb3dc -> 
  custom:container-muxer-webm: aa71ff27fc2769a1b78a27578f13a17b -> 
  custom:container-demuxer-webm: 4f35f7cbe854078d1ac9338744f61a02 -> 
  custom:container-demuxer-ogg: 62fdf1f143b41e24485cea50d1cbac27 -> 
  custom:video-encoder-webm-vp8: eb34c28f22e8b96e1ab97ce403110664 -> 
  custom:video-decoder-webm-vp8: 9c59270c3fd7afecdb556c50c9e8de78 -> 
  custom:audio-decoder-ogg-vorbis: bf7c407c2cedff20999df2af8eb42d56 -> 
  custom:audio-encoder-webm-vorbis: bf7c407c2cedff20999df2af8eb42d56 -> 
========================================================================
Received Import Request.
  Time since last request: 435.496645 seconds.
  path: Assets/Prefabs
  artifactKey: Guid(0b4c17b29da959e4da2a5a95e324d975) Importer(815301076,1909f56bfc062723c751e8b465ee728b)
Start importing Assets/Prefabs using Guid(0b4c17b29da959e4da2a5a95e324d975) Importer(815301076,1909f56bfc062723c751e8b465ee728b)  -> (artifact id: 'be014bead45d15082761696c6b959629') in 0.003687 seconds 
========================================================================
Received Import Request.
  Time since last request: 0.057872 seconds.
  path: Assets/Prefabs/BeamStatue.prefab
  artifactKey: Guid(81abbb01137fee2409c2d4dd9c4fbfe3) Importer(815301076,1909f56bfc062723c751e8b465ee728b)
Start importing Assets/Prefabs/BeamStatue.prefab using Guid(81abbb01137fee2409c2d4dd9c4fbfe3) Importer(815301076,1909f56bfc062723c751e8b465ee728b)  -> (artifact id: 'e005316a354d4da20cf146e63e7d967a') in 0.187945 seconds 
========================================================================
Received Import Request.
  Time since last request: 0.000219 seconds.
  path: Assets/Prefabs/Blade.prefab
  artifactKey: Guid(25bf23fcf1b32674db36cb4bb9f8f3f2) Importer(815301076,1909f56bfc062723c751e8b465ee728b)
Start importing Assets/Prefabs/Blade.prefab using Guid(25bf23fcf1b32674db36cb4bb9f8f3f2) Importer(815301076,1909f56bfc062723c751e8b465ee728b)  -> (artifact id: 'd868a39b43f6e61bca18d0f2142206a1') in 0.007850 seconds 
========================================================================
Received Import Request.
  Time since last request: 0.000166 seconds.
  path: Assets/Prefabs/Splat.prefab
  artifactKey: Guid(45541aa1c0a8a0249895bc868a6a2df2) Importer(815301076,1909f56bfc062723c751e8b465ee728b)
Start importing Assets/Prefabs/Splat.prefab using Guid(45541aa1c0a8a0249895bc868a6a2df2) Importer(815301076,1909f56bfc062723c751e8b465ee728b)  -> (artifact id: 'de839d2aa5bf527dbff0f16a2d91a91b') in 0.009898 seconds 
========================================================================
Received Import Request.
  Time since last request: 0.000171 seconds.
  path: Assets/Prefabs/SmokeCloud.prefab
  artifactKey: Guid(591c13091478a2a45b5a64511e4e224f) Importer(815301076,1909f56bfc062723c751e8b465ee728b)
Start importing Assets/Prefabs/SmokeCloud.prefab using Guid(591c13091478a2a45b5a64511e4e224f) Importer(815301076,1909f56bfc062723c751e8b465ee728b)  -> (artifact id: '1e5f3f5030986a5fac097f3b23dfc765') in 0.019772 seconds 
========================================================================
Received Import Request.
  Time since last request: 0.000100 seconds.
  path: Assets/Prefabs/BreakSprite.prefab
  artifactKey: Guid(16007e175bbfd8443be6c55ee7963559) Importer(815301076,1909f56bfc062723c751e8b465ee728b)
Start importing Assets/Prefabs/BreakSprite.prefab using Guid(16007e175bbfd8443be6c55ee7963559) Importer(815301076,1909f56bfc062723c751e8b465ee728b)  -> (artifact id: '3f5b14925100447f315ead6cbadbe78f') in 0.014000 seconds 
========================================================================
Received Import Request.
  Time since last request: 0.000134 seconds.
  path: Assets/Prefabs/Bomb.prefab
  artifactKey: Guid(5b69ced237fc6524d84bad3228eadb77) Importer(815301076,1909f56bfc062723c751e8b465ee728b)
Start importing Assets/Prefabs/Bomb.prefab using Guid(5b69ced237fc6524d84bad3228eadb77) Importer(815301076,1909f56bfc062723c751e8b465ee728b)  -> (artifact id: '88570949ebdbb23ef171255a27398186') in 0.008234 seconds 
========================================================================
Received Import Request.
  Time since last request: 0.000170 seconds.
  path: Assets/Prefabs/FloorSwitch.prefab
  artifactKey: Guid(87667a11a53cb264b9913bdcfc5bc54b) Importer(815301076,1909f56bfc062723c751e8b465ee728b)
Start importing Assets/Prefabs/FloorSwitch.prefab using Guid(87667a11a53cb264b9913bdcfc5bc54b) Importer(815301076,1909f56bfc062723c751e8b465ee728b)  -> (artifact id: '21303486bc2f0550f580c727f408e70a') in 0.005813 seconds 
========================================================================
Received Import Request.
  Time since last request: 0.000137 seconds.
  path: Assets/Prefabs/BlobEquipment.prefab
  artifactKey: Guid(e72ddcc6110984d4fbc3f02b11719278) Importer(815301076,1909f56bfc062723c751e8b465ee728b)
Start importing Assets/Prefabs/BlobEquipment.prefab using Guid(e72ddcc6110984d4fbc3f02b11719278) Importer(815301076,1909f56bfc062723c751e8b465ee728b)  -> (artifact id: '7e8310084faaeee10aaa2fb24b7562e6') in 0.011515 seconds 
========================================================================
Received Import Request.
  Time since last request: 0.000225 seconds.
  path: Assets/Prefabs/BlobEnemy.prefab
  artifactKey: Guid(eab6240eb9f11a749b64ed53fa5168c1) Importer(815301076,1909f56bfc062723c751e8b465ee728b)
Start importing Assets/Prefabs/BlobEnemy.prefab using Guid(eab6240eb9f11a749b64ed53fa5168c1) Importer(815301076,1909f56bfc062723c751e8b465ee728b)  -> (artifact id: '6ab0e461025b2c9e3c0243a18cdb5987') in 0.017943 seconds 
========================================================================
Received Import Request.
  Time since last request: 0.000140 seconds.
  path: Assets/Prefabs/SpearEquipment.prefab
  artifactKey: Guid(3a387e3574db9d64bbc5f413638360da) Importer(815301076,1909f56bfc062723c751e8b465ee728b)
Start importing Assets/Prefabs/SpearEquipment.prefab using Guid(3a387e3574db9d64bbc5f413638360da) Importer(815301076,1909f56bfc062723c751e8b465ee728b)  -> (artifact id: 'b021e28b97910ca74ccd7251e6710efe') in 0.007691 seconds 
========================================================================
Received Import Request.
  Time since last request: 0.000094 seconds.
  path: Assets/Prefabs/Hole.prefab
  artifactKey: Guid(3606262132bb624418bad32086bb8324) Importer(815301076,1909f56bfc062723c751e8b465ee728b)
Start importing Assets/Prefabs/Hole.prefab using Guid(3606262132bb624418bad32086bb8324) Importer(815301076,1909f56bfc062723c751e8b465ee728b)  -> (artifact id: 'a8fac3e3dcbc117949f86b9308e8c1b0') in 0.006293 seconds 
========================================================================
Received Import Request.
  Time since last request: 0.000140 seconds.
  path: Assets/Prefabs/BladeSwitch.prefab
  artifactKey: Guid(05cf89ba41721284f9de81f702ee52cd) Importer(815301076,1909f56bfc062723c751e8b465ee728b)
Start importing Assets/Prefabs/BladeSwitch.prefab using Guid(05cf89ba41721284f9de81f702ee52cd) Importer(815301076,1909f56bfc062723c751e8b465ee728b)  -> (artifact id: 'af84cc930a2faf622fe03e6d14d7449a') in 0.006575 seconds 
========================================================================
Received Import Request.
  Time since last request: 0.000138 seconds.
  path: Assets/Prefabs/Spear.prefab
  artifactKey: Guid(f60c9a1fad9ec794b936996ac647319f) Importer(815301076,1909f56bfc062723c751e8b465ee728b)
Start importing Assets/Prefabs/Spear.prefab using Guid(f60c9a1fad9ec794b936996ac647319f) Importer(815301076,1909f56bfc062723c751e8b465ee728b)  -> (artifact id: '8d9f673c6c02204cf7f529d956415892') in 0.006555 seconds 
========================================================================
Received Import Request.
  Time since last request: 0.000160 seconds.
  path: Assets/Prefabs/BlobShot.prefab
  artifactKey: Guid(9f4a570ab07e2404f9abd65781f649c4) Importer(815301076,1909f56bfc062723c751e8b465ee728b)
Start importing Assets/Prefabs/BlobShot.prefab using Guid(9f4a570ab07e2404f9abd65781f649c4) Importer(815301076,1909f56bfc062723c751e8b465ee728b)  -> (artifact id: '30704b11d20b372f4cb0b757fcd71619') in 0.007688 seconds 
========================================================================
Received Import Request.
  Time since last request: 0.000120 seconds.
  path: Assets/Prefabs/EquipmentSpawn.prefab
  artifactKey: Guid(20bffdc21547cf54587771e663a96976) Importer(815301076,1909f56bfc062723c751e8b465ee728b)
Start importing Assets/Prefabs/EquipmentSpawn.prefab using Guid(20bffdc21547cf54587771e663a96976) Importer(815301076,1909f56bfc062723c751e8b465ee728b)  -> (artifact id: 'e61b3c901aa476317e5eb23055409387') in 0.021652 seconds 
========================================================================
Received Import Request.
  Time since last request: 0.000112 seconds.
  path: Assets/Prefabs/CrackedWall.prefab
  artifactKey: Guid(84876db138357a04eaee03861c78e13b) Importer(815301076,1909f56bfc062723c751e8b465ee728b)
Start importing Assets/Prefabs/CrackedWall.prefab using Guid(84876db138357a04eaee03861c78e13b) Importer(815301076,1909f56bfc062723c751e8b465ee728b)  -> (artifact id: '3a078c37f59a4f27a21fe45ebb5f5330') in 0.006152 seconds 
========================================================================
Received Import Request.
  Time since last request: 0.000127 seconds.
  path: Assets/Prefabs/Heart.prefab
  artifactKey: Guid(212ad0f9a8e358f479a6d564efb1dfd4) Importer(815301076,1909f56bfc062723c751e8b465ee728b)
Start importing Assets/Prefabs/Heart.prefab using Guid(212ad0f9a8e358f479a6d564efb1dfd4) Importer(815301076,1909f56bfc062723c751e8b465ee728b)  -> (artifact id: '4b85aeb2be799f2010d6a208e345fce4') in 0.006180 seconds 
========================================================================
Received Import Request.
  Time since last request: 0.000208 seconds.
  path: Assets/Prefabs/HelmetEnemy.prefab
  artifactKey: Guid(9aef756c1649e1b4f9a793531a3cee88) Importer(815301076,1909f56bfc062723c751e8b465ee728b)
Start importing Assets/Prefabs/HelmetEnemy.prefab using Guid(9aef756c1649e1b4f9a793531a3cee88) Importer(815301076,1909f56bfc062723c751e8b465ee728b)  -> (artifact id: '804062c2e0d21807cb9dbe5b2fca6b36') in 0.048457 seconds 
========================================================================
Received Import Request.
  Time since last request: 0.000178 seconds.
  path: Assets/Prefabs/ThrownSpikes.prefab
  artifactKey: Guid(3ca3cb5b84e74a248b35750f4ca9203d) Importer(815301076,1909f56bfc062723c751e8b465ee728b)
Start importing Assets/Prefabs/ThrownSpikes.prefab using Guid(3ca3cb5b84e74a248b35750f4ca9203d) Importer(815301076,1909f56bfc062723c751e8b465ee728b)  -> (artifact id: 'b7de77b5a8ed5e135cb9149de6512f3b') in 0.007827 seconds 
========================================================================
Received Import Request.
  Time since last request: 0.000096 seconds.
  path: Assets/Prefabs/Fireball.prefab
  artifactKey: Guid(3beccfae1c6913f49be1b01f50b83234) Importer(815301076,1909f56bfc062723c751e8b465ee728b)
Start importing Assets/Prefabs/Fireball.prefab using Guid(3beccfae1c6913f49be1b01f50b83234) Importer(815301076,1909f56bfc062723c751e8b465ee728b)  -> (artifact id: '057a44e03528d556ded115a0f0765547') in 0.006506 seconds 
========================================================================
Received Import Request.
  Time since last request: 0.000122 seconds.
  path: Assets/Prefabs/BombEquipment.prefab
  artifactKey: Guid(40562cee714a94b40adfbfa84faefde8) Importer(815301076,1909f56bfc062723c751e8b465ee728b)
Start importing Assets/Prefabs/BombEquipment.prefab using Guid(40562cee714a94b40adfbfa84faefde8) Importer(815301076,1909f56bfc062723c751e8b465ee728b)  -> (artifact id: 'b2b097985ec918c9cc579d01d7254565') in 0.007874 seconds 
========================================================================
Received Import Request.
  Time since last request: 0.000158 seconds.
  path: Assets/Prefabs/SpikeTraps.prefab
  artifactKey: Guid(354e6ae7e613d194782ebee3f66a728d) Importer(815301076,1909f56bfc062723c751e8b465ee728b)
Start importing Assets/Prefabs/SpikeTraps.prefab using Guid(354e6ae7e613d194782ebee3f66a728d) Importer(815301076,1909f56bfc062723c751e8b465ee728b)  -> (artifact id: '3368ee0114f869fb25fe340ef3b3f7ab') in 0.007618 seconds 
========================================================================
Received Import Request.
  Time since last request: 0.000155 seconds.
  path: Assets/Prefabs/Wall.prefab
  artifactKey: Guid(919c6941f881d684284373d7010b29a0) Importer(815301076,1909f56bfc062723c751e8b465ee728b)
Start importing Assets/Prefabs/Wall.prefab using Guid(919c6941f881d684284373d7010b29a0) Importer(815301076,1909f56bfc062723c751e8b465ee728b)  -> (artifact id: 'bb94a611a008c6f8585a22f569e3ccaa') in 0.005350 seconds 
========================================================================
Received Import Request.
  Time since last request: 0.000221 seconds.
  path: Assets/Prefabs/Box.prefab
  artifactKey: Guid(1fe709cf6a1528b4fb5d4f50793ecc6e) Importer(815301076,1909f56bfc062723c751e8b465ee728b)
Start importing Assets/Prefabs/Box.prefab using Guid(1fe709cf6a1528b4fb5d4f50793ecc6e) Importer(815301076,1909f56bfc062723c751e8b465ee728b)  -> (artifact id: '6cc7d6941921942fe545501f7447a19e') in 0.006729 seconds 
========================================================================
Received Import Request.
  Time since last request: 0.000137 seconds.
  path: Assets/Prefabs/Spikes.prefab
  artifactKey: Guid(320c971004bd33245a2398ff7fad5dda) Importer(815301076,1909f56bfc062723c751e8b465ee728b)
Start importing Assets/Prefabs/Spikes.prefab using Guid(320c971004bd33245a2398ff7fad5dda) Importer(815301076,1909f56bfc062723c751e8b465ee728b)  -> (artifact id: 'a232a1085b90dec829fa2a350b4a09f2') in 0.007052 seconds 
========================================================================
Received Import Request.
  Time since last request: 0.000127 seconds.
  path: Assets/Prefabs/PlayerHud.prefab
  artifactKey: Guid(813f698bbd290f348924eea5ff8ebfba) Importer(815301076,1909f56bfc062723c751e8b465ee728b)
Start importing Assets/Prefabs/PlayerHud.prefab using Guid(813f698bbd290f348924eea5ff8ebfba) Importer(815301076,1909f56bfc062723c751e8b465ee728b)  -> (artifact id: '1cc33b092079ad435473ff3899dc4d7a') in 0.011685 seconds 
========================================================================
Received Import Request.
  Time since last request: 0.000165 seconds.
  path: Assets/Prefabs/BlockingCube.prefab
  artifactKey: Guid(e015907193f234041bbb234621e477a7) Importer(815301076,1909f56bfc062723c751e8b465ee728b)
Start importing Assets/Prefabs/BlockingCube.prefab using Guid(e015907193f234041bbb234621e477a7) Importer(815301076,1909f56bfc062723c751e8b465ee728b)  -> (artifact id: 'd17cbb4c93f97083fe4a02506f907103') in 0.005405 seconds 
========================================================================
Received Import Request.
  Time since last request: 0.000121 seconds.
  path: Assets/Prefabs/Room(0,0).prefab
  artifactKey: Guid(c8ffd0708dee25f419c3fd84cc617595) Importer(815301076,1909f56bfc062723c751e8b465ee728b)
Start importing Assets/Prefabs/Room(0,0).prefab using Guid(c8ffd0708dee25f419c3fd84cc617595) Importer(815301076,1909f56bfc062723c751e8b465ee728b)  -> (artifact id: 'ea5a6cd655480d39353376ed32f0c95f') in 0.006670 seconds 
========================================================================
Received Import Request.
  Time since last request: 0.000111 seconds.
  path: Assets/Prefabs/BlobSimple.prefab
  artifactKey: Guid(9beaf89d54c07cb4faaaa4b4d805d2d7) Importer(815301076,1909f56bfc062723c751e8b465ee728b)
Start importing Assets/Prefabs/BlobSimple.prefab using Guid(9beaf89d54c07cb4faaaa4b4d805d2d7) Importer(815301076,1909f56bfc062723c751e8b465ee728b)  -> (artifact id: 'ee0e0894f779f71dbd692aeef6f3a5d4') in 0.005948 seconds 
========================================================================
Received Import Request.
  Time since last request: 0.000128 seconds.
  path: Assets/Prefabs/Player.prefab
  artifactKey: Guid(36f85a42d53a02b40aea2d0ee65adb26) Importer(815301076,1909f56bfc062723c751e8b465ee728b)
Start importing Assets/Prefabs/Player.prefab using Guid(36f85a42d53a02b40aea2d0ee65adb26) Importer(815301076,1909f56bfc062723c751e8b465ee728b)  -> (artifact id: '7a933cfdc66d6443e1abfdbbd14c177c') in 0.017818 seconds 
========================================================================
Received Import Request.
  Time since last request: 0.000219 seconds.
  path: Assets/Prefabs/SpearGoblin.prefab
  artifactKey: Guid(eb79de993d3905d4b92e4c4b740a436c) Importer(815301076,1909f56bfc062723c751e8b465ee728b)
Start importing Assets/Prefabs/SpearGoblin.prefab using Guid(eb79de993d3905d4b92e4c4b740a436c) Importer(815301076,1909f56bfc062723c751e8b465ee728b)  -> (artifact id: 'af547ab5b3bd0169f60f460555ba2f5a') in 0.007016 seconds 
========================================================================
Received Import Request.
  Time since last request: 15.799571 seconds.
  path: Assets/Prefabs/BeamStatue.prefab
  artifactKey: Guid(81abbb01137fee2409c2d4dd9c4fbfe3) Importer(815301076,1909f56bfc062723c751e8b465ee728b)
Start importing Assets/Prefabs/BeamStatue.prefab using Guid(81abbb01137fee2409c2d4dd9c4fbfe3) Importer(815301076,1909f56bfc062723c751e8b465ee728b)  -> (artifact id: 'ce1d38c12d8fa3b56cdb90ee40dd681c') in 0.008648 seconds 
========================================================================
Received Import Request.
  Time since last request: 11.936674 seconds.
  path: Assets/Prefabs/HelmetEnemy.prefab
  artifactKey: Guid(9aef756c1649e1b4f9a793531a3cee88) Importer(815301076,1909f56bfc062723c751e8b465ee728b)
Start importing Assets/Prefabs/HelmetEnemy.prefab using Guid(9aef756c1649e1b4f9a793531a3cee88) Importer(815301076,1909f56bfc062723c751e8b465ee728b)  -> (artifact id: '6e66d44c9e21000d845fded24e72b8f5') in 0.010899 seconds 
========================================================================
Received Import Request.
  Time since last request: 9.906649 seconds.
  path: Assets/Prefabs/Player.prefab
  artifactKey: Guid(36f85a42d53a02b40aea2d0ee65adb26) Importer(815301076,1909f56bfc062723c751e8b465ee728b)
Start importing Assets/Prefabs/Player.prefab using Guid(36f85a42d53a02b40aea2d0ee65adb26) Importer(815301076,1909f56bfc062723c751e8b465ee728b)  -> (artifact id: '1f5866ac2197e65511e0514f666441ab') in 0.007825 seconds 
========================================================================
Received Import Request.
  Time since last request: 19.999956 seconds.
  path: Assets/Prefabs/Player.prefab
  artifactKey: Guid(36f85a42d53a02b40aea2d0ee65adb26) Importer(815301076,1909f56bfc062723c751e8b465ee728b)
Start importing Assets/Prefabs/Player.prefab using Guid(36f85a42d53a02b40aea2d0ee65adb26) Importer(815301076,1909f56bfc062723c751e8b465ee728b)  -> (artifact id: 'ecd0bc8c931bfe2c9367b23d6c119d15') in 0.007090 seconds 
========================================================================
Received Import Request.
  Time since last request: 44.093003 seconds.
  path: Assets/Prefabs/BlobShot.prefab
  artifactKey: Guid(9f4a570ab07e2404f9abd65781f649c4) Importer(815301076,1909f56bfc062723c751e8b465ee728b)
Start importing Assets/Prefabs/BlobShot.prefab using Guid(9f4a570ab07e2404f9abd65781f649c4) Importer(815301076,1909f56bfc062723c751e8b465ee728b)  -> (artifact id: '97d8537445548d526bc241424afbb62c') in 0.010030 seconds 
========================================================================
Received Import Request.
  Time since last request: 38.547806 seconds.
  path: Assets/Prefabs/Bomb.prefab
  artifactKey: Guid(5b69ced237fc6524d84bad3228eadb77) Importer(815301076,1909f56bfc062723c751e8b465ee728b)
Start importing Assets/Prefabs/Bomb.prefab using Guid(5b69ced237fc6524d84bad3228eadb77) Importer(815301076,1909f56bfc062723c751e8b465ee728b)  -> (artifact id: 'cb83318683804e900d196a717972e614') in 0.008619 seconds 
========================================================================
Received Import Request.
  Time since last request: 19.848710 seconds.
  path: Assets/Prefabs/SpearGoblin.prefab
  artifactKey: Guid(eb79de993d3905d4b92e4c4b740a436c) Importer(815301076,1909f56bfc062723c751e8b465ee728b)
Start importing Assets/Prefabs/SpearGoblin.prefab using Guid(eb79de993d3905d4b92e4c4b740a436c) Importer(815301076,1909f56bfc062723c751e8b465ee728b)  -> (artifact id: '01dfcecfe2fa9b6863ebe2308c84bbca') in 0.008778 seconds 
========================================================================
Received Import Request.
  Time since last request: 9.113196 seconds.
  path: Assets/Prefabs/Spear.prefab
  artifactKey: Guid(f60c9a1fad9ec794b936996ac647319f) Importer(815301076,1909f56bfc062723c751e8b465ee728b)
Start importing Assets/Prefabs/Spear.prefab using Guid(f60c9a1fad9ec794b936996ac647319f) Importer(815301076,1909f56bfc062723c751e8b465ee728b)  -> (artifact id: '91a799c6491502882001c1e83fa2e410') in 0.005357 seconds 
========================================================================
Received Prepare
Registering precompiled user dll's ...
Registered in 0.002695 seconds.
Begin MonoManager ReloadAssembly
Native extension for WindowsStandalone target not found
Refreshing native plugins compatible for Editor in 0.39 ms, found 2 plugins.
Preloading 0 native plugins for Editor in 0.00 ms.
Mono: successfully reloaded assembly
- Completed reload, in  0.895 seconds
Domain Reload Profiling:
	ReloadAssembly (895ms)
		BeginReloadAssembly (95ms)
			ExecutionOrderSort (0ms)
			DisableScriptedObjects (4ms)
			BackupInstance (0ms)
			ReleaseScriptingObjects (0ms)
			CreateAndSetChildDomain (28ms)
		EndReloadAssembly (753ms)
			LoadAssemblies (75ms)
			RebuildTransferFunctionScriptingTraits (0ms)
			SetupTypeCache (253ms)
			ReleaseScriptCaches (1ms)
			RebuildScriptCaches (43ms)
			SetupLoadedEditorAssemblies (304ms)
				LogAssemblyErrors (0ms)
				InitializePlatformSupportModulesInManaged (4ms)
				SetLoadedEditorAssemblies (0ms)
				RefreshPlugins (0ms)
				BeforeProcessingInitializeOnLoad (85ms)
				ProcessInitializeOnLoadAttributes (197ms)
				ProcessInitializeOnLoadMethodAttributes (11ms)
				AfterProcessingInitializeOnLoad (6ms)
				EditorAssembliesLoaded (0ms)
			ExecutionOrderSort2 (0ms)
			AwakeInstancesAfterBackupRestoration (2ms)
Platform modules already initialized, skipping
Refreshing native plugins compatible for Editor in 0.36 ms, found 2 plugins.
Preloading 0 native plugins for Editor in 0.00 ms.
Unloading 1961 Unused Serialized files (Serialized files now loaded: 0)
System memory in use before: 104.0 MB.
System memory in use after: 104.1 MB.

Unloading 19 unused Assets to reduce memory usage. Loaded Objects now: 2441.
Total: 2.491500 ms (FindLiveObjects: 0.134200 ms CreateObjectMapping: 0.051300 ms MarkObjects: 2.244100 ms  DeleteObjects: 0.061400 ms)

AssetImportParameters requested are different than current active one (requested -> active):
  requireTextureImportCompression: false -> true
  custom:framework-win-MediaFoundation: 216162199b28c13a410421893ffa2e32 -> 
  custom:video-decoder-ogg-theora: a1e56fd34408186e4bbccfd4996cb3dc -> 
  custom:container-muxer-webm: aa71ff27fc2769a1b78a27578f13a17b -> 
  custom:container-demuxer-webm: 4f35f7cbe854078d1ac9338744f61a02 -> 
  custom:container-demuxer-ogg: 62fdf1f143b41e24485cea50d1cbac27 -> 
  custom:video-encoder-webm-vp8: eb34c28f22e8b96e1ab97ce403110664 -> 
  custom:video-decoder-webm-vp8: 9c59270c3fd7afecdb556c50c9e8de78 -> 
  custom:audio-decoder-ogg-vorbis: bf7c407c2cedff20999df2af8eb42d56 -> 
  custom:audio-encoder-webm-vorbis: bf7c407c2cedff20999df2af8eb42d56 -> 
========================================================================
Received Prepare
Registering precompiled user dll's ...
Registered in 0.002838 seconds.
Begin MonoManager ReloadAssembly
Native extension for WindowsStandalone target not found
Refreshing native plugins compatible for Editor in 0.36 ms, found 2 plugins.
Preloading 0 native plugins for Editor in 0.00 ms.
Mono: successfully reloaded assembly
- Completed reload, in  0.803 seconds
Domain Reload Profiling:
	ReloadAssembly (803ms)
		BeginReloadAssembly (96ms)
			ExecutionOrderSort (0ms)
			DisableScriptedObjects (4ms)
			BackupInstance (0ms)
			ReleaseScriptingObjects (0ms)
			CreateAndSetChildDomain (25ms)
		EndReloadAssembly (660ms)
			LoadAssemblies (78ms)
			RebuildTransferFunctionScriptingTraits (0ms)
			SetupTypeCache (212ms)
			ReleaseScriptCaches (1ms)
			RebuildScriptCaches (40ms)
			SetupLoadedEditorAssemblies (269ms)
				LogAssemblyErrors (0ms)
				InitializePlatformSupportModulesInManaged (4ms)
				SetLoadedEditorAssemblies (0ms)
				RefreshPlugins (0ms)
				BeforeProcessingInitializeOnLoad (77ms)
				ProcessInitializeOnLoadAttributes (170ms)
				ProcessInitializeOnLoadMethodAttributes (11ms)
				AfterProcessingInitializeOnLoad (6ms)
				EditorAssembliesLoaded (0ms)
			ExecutionOrderSort2 (0ms)
			AwakeInstancesAfterBackupRestoration (1ms)
Platform modules already initialized, skipping
Refreshing native plugins compatible for Editor in 0.41 ms, found 2 plugins.
Preloading 0 native plugins for Editor in 0.00 ms.
Unloading 1961 Unused Serialized files (Serialized files now loaded: 0)
System memory in use before: 104.0 MB.
System memory in use after: 104.2 MB.

Unloading 17 unused Assets to reduce memory usage. Loaded Objects now: 2444.
Total: 2.580300 ms (FindLiveObjects: 0.128000 ms CreateObjectMapping: 0.051100 ms MarkObjects: 2.381500 ms  DeleteObjects: 0.019200 ms)

AssetImportParameters requested are different than current active one (requested -> active):
  requireTextureImportCompression: false -> true
  custom:framework-win-MediaFoundation: 216162199b28c13a410421893ffa2e32 -> 
  custom:video-decoder-ogg-theora: a1e56fd34408186e4bbccfd4996cb3dc -> 
  custom:container-muxer-webm: aa71ff27fc2769a1b78a27578f13a17b -> 
  custom:container-demuxer-webm: 4f35f7cbe854078d1ac9338744f61a02 -> 
  custom:container-demuxer-ogg: 62fdf1f143b41e24485cea50d1cbac27 -> 
  custom:video-encoder-webm-vp8: eb34c28f22e8b96e1ab97ce403110664 -> 
  custom:video-decoder-webm-vp8: 9c59270c3fd7afecdb556c50c9e8de78 -> 
  custom:audio-decoder-ogg-vorbis: bf7c407c2cedff20999df2af8eb42d56 -> 
  custom:audio-encoder-webm-vorbis: bf7c407c2cedff20999df2af8eb42d56 -> 
========================================================================
Received Prepare
Registering precompiled user dll's ...
Registered in 0.002672 seconds.
Begin MonoManager ReloadAssembly
Native extension for WindowsStandalone target not found
Refreshing native plugins compatible for Editor in 0.37 ms, found 2 plugins.
Preloading 0 native plugins for Editor in 0.00 ms.
Mono: successfully reloaded assembly
- Completed reload, in  0.830 seconds
Domain Reload Profiling:
	ReloadAssembly (830ms)
		BeginReloadAssembly (97ms)
			ExecutionOrderSort (0ms)
			DisableScriptedObjects (4ms)
			BackupInstance (0ms)
			ReleaseScriptingObjects (0ms)
			CreateAndSetChildDomain (29ms)
		EndReloadAssembly (684ms)
			LoadAssemblies (77ms)
			RebuildTransferFunctionScriptingTraits (0ms)
			SetupTypeCache (227ms)
			ReleaseScriptCaches (1ms)
			RebuildScriptCaches (44ms)
			SetupLoadedEditorAssemblies (272ms)
				LogAssemblyErrors (0ms)
				InitializePlatformSupportModulesInManaged (4ms)
				SetLoadedEditorAssemblies (0ms)
				RefreshPlugins (0ms)
				BeforeProcessingInitializeOnLoad (75ms)
				ProcessInitializeOnLoadAttributes (175ms)
				ProcessInitializeOnLoadMethodAttributes (11ms)
				AfterProcessingInitializeOnLoad (6ms)
				EditorAssembliesLoaded (0ms)
			ExecutionOrderSort2 (0ms)
			AwakeInstancesAfterBackupRestoration (2ms)
Platform modules already initialized, skipping
Refreshing native plugins compatible for Editor in 0.36 ms, found 2 plugins.
Preloading 0 native plugins for Editor in 0.00 ms.
Unloading 1961 Unused Serialized files (Serialized files now loaded: 0)
System memory in use before: 104.1 MB.
System memory in use after: 104.2 MB.

Unloading 17 unused Assets to reduce memory usage. Loaded Objects now: 2447.
Total: 2.164100 ms (FindLiveObjects: 0.120000 ms CreateObjectMapping: 0.052900 ms MarkObjects: 1.973600 ms  DeleteObjects: 0.017100 ms)

AssetImportParameters requested are different than current active one (requested -> active):
  requireTextureImportCompression: false -> true
  custom:framework-win-MediaFoundation: 216162199b28c13a410421893ffa2e32 -> 
  custom:video-decoder-ogg-theora: a1e56fd34408186e4bbccfd4996cb3dc -> 
  custom:container-muxer-webm: aa71ff27fc2769a1b78a27578f13a17b -> 
  custom:container-demuxer-webm: 4f35f7cbe854078d1ac9338744f61a02 -> 
  custom:container-demuxer-ogg: 62fdf1f143b41e24485cea50d1cbac27 -> 
  custom:video-encoder-webm-vp8: eb34c28f22e8b96e1ab97ce403110664 -> 
  custom:video-decoder-webm-vp8: 9c59270c3fd7afecdb556c50c9e8de78 -> 
  custom:audio-decoder-ogg-vorbis: bf7c407c2cedff20999df2af8eb42d56 -> 
  custom:audio-encoder-webm-vorbis: bf7c407c2cedff20999df2af8eb42d56 -> 
========================================================================
Received Prepare
Registering precompiled user dll's ...
Registered in 0.002707 seconds.
Begin MonoManager ReloadAssembly
Native extension for WindowsStandalone target not found
Refreshing native plugins compatible for Editor in 0.36 ms, found 2 plugins.
Preloading 0 native plugins for Editor in 0.00 ms.
Mono: successfully reloaded assembly
- Completed reload, in  0.804 seconds
Domain Reload Profiling:
	ReloadAssembly (805ms)
		BeginReloadAssembly (92ms)
			ExecutionOrderSort (0ms)
			DisableScriptedObjects (4ms)
			BackupInstance (0ms)
			ReleaseScriptingObjects (0ms)
			CreateAndSetChildDomain (24ms)
		EndReloadAssembly (663ms)
			LoadAssemblies (80ms)
			RebuildTransferFunctionScriptingTraits (0ms)
			SetupTypeCache (211ms)
			ReleaseScriptCaches (1ms)
			RebuildScriptCaches (39ms)
			SetupLoadedEditorAssemblies (269ms)
				LogAssemblyErrors (0ms)
				InitializePlatformSupportModulesInManaged (4ms)
				SetLoadedEditorAssemblies (0ms)
				RefreshPlugins (0ms)
				BeforeProcessingInitializeOnLoad (75ms)
				ProcessInitializeOnLoadAttributes (173ms)
				ProcessInitializeOnLoadMethodAttributes (11ms)
				AfterProcessingInitializeOnLoad (6ms)
				EditorAssembliesLoaded (0ms)
			ExecutionOrderSort2 (0ms)
			AwakeInstancesAfterBackupRestoration (1ms)
Platform modules already initialized, skipping
Refreshing native plugins compatible for Editor in 0.37 ms, found 2 plugins.
Preloading 0 native plugins for Editor in 0.00 ms.
Unloading 1961 Unused Serialized files (Serialized files now loaded: 0)
System memory in use before: 104.1 MB.
System memory in use after: 104.2 MB.

Unloading 17 unused Assets to reduce memory usage. Loaded Objects now: 2450.
Total: 2.331100 ms (FindLiveObjects: 0.130100 ms CreateObjectMapping: 0.049500 ms MarkObjects: 2.135700 ms  DeleteObjects: 0.015300 ms)

AssetImportParameters requested are different than current active one (requested -> active):
  requireTextureImportCompression: false -> true
  custom:framework-win-MediaFoundation: 216162199b28c13a410421893ffa2e32 -> 
  custom:video-decoder-ogg-theora: a1e56fd34408186e4bbccfd4996cb3dc -> 
  custom:container-muxer-webm: aa71ff27fc2769a1b78a27578f13a17b -> 
  custom:container-demuxer-webm: 4f35f7cbe854078d1ac9338744f61a02 -> 
  custom:container-demuxer-ogg: 62fdf1f143b41e24485cea50d1cbac27 -> 
  custom:video-encoder-webm-vp8: eb34c28f22e8b96e1ab97ce403110664 -> 
  custom:video-decoder-webm-vp8: 9c59270c3fd7afecdb556c50c9e8de78 -> 
  custom:audio-decoder-ogg-vorbis: bf7c407c2cedff20999df2af8eb42d56 -> 
  custom:audio-encoder-webm-vorbis: bf7c407c2cedff20999df2af8eb42d56 -> 
========================================================================
Received Prepare
Registering precompiled user dll's ...
Registered in 0.002881 seconds.
Begin MonoManager ReloadAssembly
Native extension for WindowsStandalone target not found
Refreshing native plugins compatible for Editor in 0.38 ms, found 2 plugins.
Preloading 0 native plugins for Editor in 0.00 ms.
Mono: successfully reloaded assembly
- Completed reload, in  0.894 seconds
Domain Reload Profiling:
	ReloadAssembly (894ms)
		BeginReloadAssembly (131ms)
			ExecutionOrderSort (0ms)
			DisableScriptedObjects (4ms)
			BackupInstance (0ms)
			ReleaseScriptingObjects (0ms)
			CreateAndSetChildDomain (27ms)
		EndReloadAssembly (706ms)
			LoadAssemblies (117ms)
			RebuildTransferFunctionScriptingTraits (0ms)
			SetupTypeCache (245ms)
			ReleaseScriptCaches (1ms)
			RebuildScriptCaches (40ms)
			SetupLoadedEditorAssemblies (272ms)
				LogAssemblyErrors (0ms)
				InitializePlatformSupportModulesInManaged (4ms)
				SetLoadedEditorAssemblies (0ms)
				RefreshPlugins (0ms)
				BeforeProcessingInitializeOnLoad (75ms)
				ProcessInitializeOnLoadAttributes (175ms)
				ProcessInitializeOnLoadMethodAttributes (11ms)
				AfterProcessingInitializeOnLoad (6ms)
				EditorAssembliesLoaded (0ms)
			ExecutionOrderSort2 (0ms)
			AwakeInstancesAfterBackupRestoration (1ms)
Platform modules already initialized, skipping
Refreshing native plugins compatible for Editor in 0.36 ms, found 2 plugins.
Preloading 0 native plugins for Editor in 0.00 ms.
Unloading 1961 Unused Serialized files (Serialized files now loaded: 0)
System memory in use before: 104.1 MB.
System memory in use after: 104.2 MB.

Unloading 17 unused Assets to reduce memory usage. Loaded Objects now: 2453.
Total: 2.619500 ms (FindLiveObjects: 0.144500 ms CreateObjectMapping: 0.050800 ms MarkObjects: 2.403600 ms  DeleteObjects: 0.020100 ms)

AssetImportParameters requested are different than current active one (requested -> active):
  requireTextureImportCompression: false -> true
  custom:framework-win-MediaFoundation: 216162199b28c13a410421893ffa2e32 -> 
  custom:video-decoder-ogg-theora: a1e56fd34408186e4bbccfd4996cb3dc -> 
  custom:container-muxer-webm: aa71ff27fc2769a1b78a27578f13a17b -> 
  custom:container-demuxer-webm: 4f35f7cbe854078d1ac9338744f61a02 -> 
  custom:container-demuxer-ogg: 62fdf1f143b41e24485cea50d1cbac27 -> 
  custom:video-encoder-webm-vp8: eb34c28f22e8b96e1ab97ce403110664 -> 
  custom:video-decoder-webm-vp8: 9c59270c3fd7afecdb556c50c9e8de78 -> 
  custom:audio-decoder-ogg-vorbis: bf7c407c2cedff20999df2af8eb42d56 -> 
  custom:audio-encoder-webm-vorbis: bf7c407c2cedff20999df2af8eb42d56 -> 
========================================================================
Received Prepare
Registering precompiled user dll's ...
Registered in 0.002682 seconds.
Begin MonoManager ReloadAssembly
Native extension for WindowsStandalone target not found
Refreshing native plugins compatible for Editor in 0.37 ms, found 2 plugins.
Preloading 0 native plugins for Editor in 0.00 ms.
Mono: successfully reloaded assembly
- Completed reload, in  0.796 seconds
Domain Reload Profiling:
	ReloadAssembly (796ms)
		BeginReloadAssembly (95ms)
			ExecutionOrderSort (0ms)
			DisableScriptedObjects (4ms)
			BackupInstance (0ms)
			ReleaseScriptingObjects (0ms)
			CreateAndSetChildDomain (25ms)
		EndReloadAssembly (653ms)
			LoadAssemblies (77ms)
			RebuildTransferFunctionScriptingTraits (0ms)
			SetupTypeCache (206ms)
			ReleaseScriptCaches (1ms)
			RebuildScriptCaches (40ms)
			SetupLoadedEditorAssemblies (270ms)
				LogAssemblyErrors (0ms)
				InitializePlatformSupportModulesInManaged (4ms)
				SetLoadedEditorAssemblies (0ms)
				RefreshPlugins (0ms)
				BeforeProcessingInitializeOnLoad (76ms)
				ProcessInitializeOnLoadAttributes (172ms)
				ProcessInitializeOnLoadMethodAttributes (11ms)
				AfterProcessingInitializeOnLoad (6ms)
				EditorAssembliesLoaded (0ms)
			ExecutionOrderSort2 (0ms)
			AwakeInstancesAfterBackupRestoration (1ms)
Platform modules already initialized, skipping
Refreshing native plugins compatible for Editor in 0.37 ms, found 2 plugins.
Preloading 0 native plugins for Editor in 0.00 ms.
Unloading 1961 Unused Serialized files (Serialized files now loaded: 0)
System memory in use before: 104.1 MB.
System memory in use after: 104.2 MB.

Unloading 17 unused Assets to reduce memory usage. Loaded Objects now: 2456.
Total: 2.429700 ms (FindLiveObjects: 0.145500 ms CreateObjectMapping: 0.057400 ms MarkObjects: 2.207800 ms  DeleteObjects: 0.018400 ms)

AssetImportParameters requested are different than current active one (requested -> active):
  requireTextureImportCompression: false -> true
  custom:framework-win-MediaFoundation: 216162199b28c13a410421893ffa2e32 -> 
  custom:video-decoder-ogg-theora: a1e56fd34408186e4bbccfd4996cb3dc -> 
  custom:container-muxer-webm: aa71ff27fc2769a1b78a27578f13a17b -> 
  custom:container-demuxer-webm: 4f35f7cbe854078d1ac9338744f61a02 -> 
  custom:container-demuxer-ogg: 62fdf1f143b41e24485cea50d1cbac27 -> 
  custom:video-encoder-webm-vp8: eb34c28f22e8b96e1ab97ce403110664 -> 
  custom:video-decoder-webm-vp8: 9c59270c3fd7afecdb556c50c9e8de78 -> 
  custom:audio-decoder-ogg-vorbis: bf7c407c2cedff20999df2af8eb42d56 -> 
  custom:audio-encoder-webm-vorbis: bf7c407c2cedff20999df2af8eb42d56 -> 
AssetImportWorkerClient::OnTransportError - code=2 error=End of file
